[01:11:19] [main/INFO]: Setting user: ForgeDevName
[01:11:20] [Client thread/INFO]: LWJGL Version: 2.9.1
[01:11:28] [Client thread/INFO]: Reloading ResourceManager: Default, FMLFileResourcePack:Forge Mod Loader, FMLFileResourcePack:Minecraft Forge, FMLFileResourcePack:Let's Mod Reboot
[01:11:29] [Sound Library Loader/INFO]: Sound engine started
[01:11:30] [Client thread/INFO]: Created: 512x256 textures/blocks-atlas
[01:11:30] [Client thread/INFO]: Created: 256x256 textures/items-atlas
[01:11:30] [Client thread/INFO]: Reloading ResourceManager: Default, FMLFileResourcePack:Forge Mod Loader, FMLFileResourcePack:Minecraft Forge, FMLFileResourcePack:Let's Mod Reboot
[01:11:30] [Client thread/INFO]: Created: 256x256 textures/items-atlas
[01:11:30] [Client thread/INFO]: Created: 512x256 textures/blocks-atlas
[01:11:31] [Sound Library Loader/INFO]: Sound engine started
[01:11:40] [Server thread/INFO]: Starting integrated minecraft server version 1.7.10
[01:11:40] [Server thread/INFO]: Generating keypair
[01:11:41] [Server thread/INFO]: Preparing start region for level 0
[01:11:42] [Server thread/INFO]: Preparing spawn area: 76%
[01:11:42] [Server thread/INFO]: Changing view distance to 12, from 10
[01:11:43] [Server thread/INFO]: ForgeDevName[local:E:b225b580] logged in with entity id 296 at (268.1567476812184, 68.0, 237.31157973646336)
[01:11:43] [Server thread/INFO]: ForgeDevName joined the game
[01:12:09] [Server thread/INFO]: Saving and pausing game...
[01:12:09] [Server thread/INFO]: Saving chunks for level 'New World'/Overworld
[01:12:09] [Server thread/INFO]: Saving chunks for level 'New World'/Nether
[01:12:09] [Server thread/INFO]: Saving chunks for level 'New World'/The End
[01:12:09] [Server thread/INFO]: Stopping server
[01:12:09] [Server thread/INFO]: Saving players
[01:12:09] [Server thread/INFO]: Saving worlds
[01:12:09] [Server thread/INFO]: Saving chunks for level 'New World'/Overworld
[01:12:09] [Server thread/INFO]: Saving chunks for level 'New World'/Nether
[01:12:09] [Server thread/INFO]: Saving chunks for level 'New World'/The End
[01:12:13] [Client thread/INFO]: Stopping!
